0 info it worked if it ends with ok
1 verbose cli [ 'node',
1 verbose cli   '/usr/local/bin/npm',
1 verbose cli   'install',
1 verbose cli   '-g',
1 verbose cli   'generator-generator' ]
2 info using npm@1.4.28
3 info using node@v0.10.33
4 verbose cache add [ 'generator-generator', null ]
5 verbose cache add name=undefined spec="generator-generator" args=["generator-generator",null]
6 verbose parsed url { protocol: null,
6 verbose parsed url   slashes: null,
6 verbose parsed url   auth: null,
6 verbose parsed url   host: null,
6 verbose parsed url   port: null,
6 verbose parsed url   hostname: null,
6 verbose parsed url   hash: null,
6 verbose parsed url   search: null,
6 verbose parsed url   query: null,
6 verbose parsed url   pathname: 'generator-generator',
6 verbose parsed url   path: 'generator-generator',
6 verbose parsed url   href: 'generator-generator' }
7 silly lockFile 672ab713-generator-generator generator-generator
8 verbose lock generator-generator /Users/adamfowler/.npm/672ab713-generator-generator.lock
9 silly lockFile 672ab713-generator-generator generator-generator
10 silly lockFile 672ab713-generator-generator generator-generator
11 verbose addNamed [ 'generator-generator', '' ]
12 verbose addNamed [ null, '*' ]
13 silly lockFile cf4482ef-generator-generator generator-generator@
14 verbose lock generator-generator@ /Users/adamfowler/.npm/cf4482ef-generator-generator.lock
15 silly addNameRange { name: 'generator-generator', range: '*', hasData: false }
16 verbose request where is /generator-generator
17 verbose request registry https://registry.npmjs.org/
18 verbose request id 6a1815721a7464f6
19 verbose url raw /generator-generator
20 verbose url resolving [ 'https://registry.npmjs.org/', './generator-generator' ]
21 verbose url resolved https://registry.npmjs.org/generator-generator
22 verbose request where is https://registry.npmjs.org/generator-generator
23 info trying registry request attempt 1 at 18:50:09
24 http GET https://registry.npmjs.org/generator-generator
25 http 200 https://registry.npmjs.org/generator-generator
26 silly registry.get cb [ 200,
26 silly registry.get   { date: 'Fri, 21 Nov 2014 18:50:10 GMT',
26 silly registry.get     server: 'CouchDB/1.5.0 (Erlang OTP/R16B03)',
26 silly registry.get     etag: '"CJYH8E0NLTFV1MEPFIYGKFTCO"',
26 silly registry.get     'content-type': 'application/json',
26 silly registry.get     'cache-control': 'max-age=60',
26 silly registry.get     'content-length': '19060',
26 silly registry.get     'accept-ranges': 'bytes',
26 silly registry.get     via: '1.1 varnish',
26 silly registry.get     age: '0',
26 silly registry.get     'x-served-by': 'cache-fra1247-FRA',
26 silly registry.get     'x-cache': 'MISS',
26 silly registry.get     'x-cache-hits': '0',
26 silly registry.get     'x-timer': 'S1416595810.435349,VS0,VE437',
26 silly registry.get     vary: 'Accept',
26 silly registry.get     'keep-alive': 'timeout=10, max=50',
26 silly registry.get     connection: 'Keep-Alive' } ]
27 silly addNameRange number 2 { name: 'generator-generator', range: '*', hasData: true }
28 silly addNameRange versions [ 'generator-generator',
28 silly addNameRange   [ '0.1.0',
28 silly addNameRange     '0.1.1',
28 silly addNameRange     '0.2.0',
28 silly addNameRange     '0.2.1',
28 silly addNameRange     '0.2.2',
28 silly addNameRange     '0.3.0',
28 silly addNameRange     '0.4.0',
28 silly addNameRange     '0.4.1',
28 silly addNameRange     '0.4.2',
28 silly addNameRange     '0.4.3',
28 silly addNameRange     '0.4.4',
28 silly addNameRange     '0.5.0' ] ]
29 verbose addNamed [ 'generator-generator', '0.5.0' ]
30 verbose addNamed [ '0.5.0', '0.5.0' ]
31 silly lockFile 8c3fc334-generator-generator-0-5-0 generator-generator@0.5.0
32 verbose lock generator-generator@0.5.0 /Users/adamfowler/.npm/8c3fc334-generator-generator-0-5-0.lock
33 silly lockFile 5b826a4c-or-generator-generator-0-5-0-tgz https://registry.npmjs.org/generator-generator/-/generator-generator-0.5.0.tgz
34 verbose lock https://registry.npmjs.org/generator-generator/-/generator-generator-0.5.0.tgz /Users/adamfowler/.npm/5b826a4c-or-generator-generator-0-5-0-tgz.lock
35 verbose addRemoteTarball [ 'https://registry.npmjs.org/generator-generator/-/generator-generator-0.5.0.tgz',
35 verbose addRemoteTarball   'f9651720f2d2826fc585ab1289cdff202b69bcc4' ]
36 info retry fetch attempt 1 at 18:50:11
37 verbose fetch to= /var/folders/ff/t5fh6b1x7sd01hmw3zhtg__m0000gq/T/npm-94537--Ql8AdLg/registry.npmjs.org/generator-generator/-/generator-generator-0.5.0.tgz
38 http GET https://registry.npmjs.org/generator-generator/-/generator-generator-0.5.0.tgz
39 http 200 https://registry.npmjs.org/generator-generator/-/generator-generator-0.5.0.tgz
40 silly lockFile 5b826a4c-or-generator-generator-0-5-0-tgz https://registry.npmjs.org/generator-generator/-/generator-generator-0.5.0.tgz
41 silly lockFile 5b826a4c-or-generator-generator-0-5-0-tgz https://registry.npmjs.org/generator-generator/-/generator-generator-0.5.0.tgz
42 silly lockFile 8c3fc334-generator-generator-0-5-0 generator-generator@0.5.0
43 silly lockFile 8c3fc334-generator-generator-0-5-0 generator-generator@0.5.0
44 silly lockFile cf4482ef-generator-generator generator-generator@
45 silly lockFile cf4482ef-generator-generator generator-generator@
46 silly resolved [ { name: 'generator-generator',
46 silly resolved     version: '0.5.0',
46 silly resolved     description: 'Generator Generator for Yeoman',
46 silly resolved     keywords: [ 'yeoman-generator', 'generator', 'inception' ],
46 silly resolved     homepage: 'https://github.com/yeoman/generator-generator',
46 silly resolved     bugs: { url: 'https://github.com/yeoman/generator-generator/issues' },
46 silly resolved     author:
46 silly resolved      { name: 'Pascal Hartig',
46 silly resolved        email: 'phartig@rdrei.net',
46 silly resolved        url: 'http://yeoman.io' },
46 silly resolved     main: 'app/index.js',
46 silly resolved     repository:
46 silly resolved      { type: 'git',
46 silly resolved        url: 'https://github.com/yeoman/generator-generator.git' },
46 silly resolved     scripts: { test: 'mocha' },
46 silly resolved     dependencies:
46 silly resolved      { chalk: '^0.5.0',
46 silly resolved        github: '^0.2.1',
46 silly resolved        'npm-name': '^0.2.0',
46 silly resolved        superb: '^1.0.0',
46 silly resolved        'yeoman-generator': '^0.17.3',
46 silly resolved        yosay: '^0.3.0' },
46 silly resolved     devDependencies: { mocha: '^1.21.4', mockery: '^1.4.0' },
46 silly resolved     peerDependencies: { yo: '>=1.0.0' },
46 silly resolved     engines: { node: '>=0.10.0', npm: '>=1.2.10' },
46 silly resolved     licenses: [ [Object] ],
46 silly resolved     files: [ 'app', 'subgenerator' ],
46 silly resolved     _id: 'generator-generator@0.5.0',
46 silly resolved     _shasum: 'f9651720f2d2826fc585ab1289cdff202b69bcc4',
46 silly resolved     _from: 'generator-generator@',
46 silly resolved     _npmVersion: '1.4.9',
46 silly resolved     _npmUser: { name: 'sboudrias', email: 'admin@simonboudrias.com' },
46 silly resolved     maintainers: [ [Object], [Object], [Object], [Object], [Object], [Object] ],
46 silly resolved     dist:
46 silly resolved      { shasum: 'f9651720f2d2826fc585ab1289cdff202b69bcc4',
46 silly resolved        tarball: 'http://registry.npmjs.org/generator-generator/-/generator-generator-0.5.0.tgz' },
46 silly resolved     directories: {},
46 silly resolved     _resolved: 'https://registry.npmjs.org/generator-generator/-/generator-generator-0.5.0.tgz' } ]
47 info install generator-generator@0.5.0 into /usr/local/lib
48 info installOne generator-generator@0.5.0
49 verbose lib/node_modules/generator-generator unbuild
50 verbose tar unpack /Users/adamfowler/.npm/generator-generator/0.5.0/package.tgz
51 silly lockFile 46cd8b45-node-modules-generator-generator tar:///usr/local/lib/node_modules/generator-generator
52 verbose lock tar:///usr/local/lib/node_modules/generator-generator /Users/adamfowler/.npm/46cd8b45-node-modules-generator-generator.lock
53 silly lockFile 5487efed-ator-generator-0-5-0-package-tgz tar:///Users/adamfowler/.npm/generator-generator/0.5.0/package.tgz
54 verbose lock tar:///Users/adamfowler/.npm/generator-generator/0.5.0/package.tgz /Users/adamfowler/.npm/5487efed-ator-generator-0-5-0-package-tgz.lock
55 silly gunzTarPerm modes [ '755', '644' ]
56 error Error: EACCES, mkdir '/usr/local/lib/node_modules/generator-generator'
56 error  { [Error: EACCES, mkdir '/usr/local/lib/node_modules/generator-generator']
56 error   errno: 3,
56 error   code: 'EACCES',
56 error   path: '/usr/local/lib/node_modules/generator-generator',
56 error   fstream_type: 'Directory',
56 error   fstream_path: '/usr/local/lib/node_modules/generator-generator',
56 error   fstream_class: 'DirWriter',
56 error   fstream_stack:
56 error    [ '/usr/local/lib/node_modules/npm/node_modules/fstream/lib/dir-writer.js:36:23',
56 error      '/usr/local/lib/node_modules/npm/node_modules/mkdirp/index.js:46:53',
56 error      'Object.oncomplete (fs.js:107:15)' ] }
57 error Please try running this command again as root/Administrator.
58 error System Darwin 13.4.0
59 error command "node" "/usr/local/bin/npm" "install" "-g" "generator-generator"
60 error cwd /Users/adamfowler/Documents/marklogic/git/generator-mljsworkplace
61 error node -v v0.10.33
62 error npm -v 1.4.28
63 error path /usr/local/lib/node_modules/generator-generator
64 error fstream_path /usr/local/lib/node_modules/generator-generator
65 error fstream_type Directory
66 error fstream_class DirWriter
67 error code EACCES
68 error errno 3
69 error stack Error: EACCES, mkdir '/usr/local/lib/node_modules/generator-generator'
70 error fstream_stack /usr/local/lib/node_modules/npm/node_modules/fstream/lib/dir-writer.js:36:23
70 error fstream_stack /usr/local/lib/node_modules/npm/node_modules/mkdirp/index.js:46:53
70 error fstream_stack Object.oncomplete (fs.js:107:15)
71 verbose exit [ 3, true ]
